<?xml version="1.0" encoding="UTF-8"?>
<!-- Generated by org.testng.reporters.JUnitXMLReporter -->
<testsuite ignored="17" hostname="DESKTOP-LJJB6MR" failures="0" tests="1" name="Default test" time="4.552" errors="0" timestamp="2022-07-02T17:49:15 IST">
  <testcase classname="com.spotify.SpotifyApi" name="getPlaylistCoverImage" time="4.465"/>
  <testcase classname="com.spotify.SpotifyApi" name="getTrack" time="0.0">
    <ignored/>
  </testcase> <!-- getTrack -->
  <testcase classname="com.spotify.SpotifyApi" name="getTracksAudioFeatures" time="0.0">
    <ignored/>
  </testcase> <!-- getTracksAudioFeatures -->
  <testcase classname="com.spotify.SpotifyApi" name="addItemsToPlaylists" time="0.0">
    <ignored/>
  </testcase> <!-- addItemsToPlaylists -->
  <testcase classname="com.spotify.SpotifyApi" name="getSeveralTracks" time="0.0">
    <ignored/>
  </testcase> <!-- getSeveralTracks -->
  <testcase classname="com.spotify.SpotifyApi" name="Get_Current_User_Profile" time="0.0">
    <ignored/>
  </testcase> <!-- Get_Current_User_Profile -->
  <testcase classname="com.spotify.SpotifyApi" name="getTracksAudioAnalysis" time="0.0">
    <ignored/>
  </testcase> <!-- getTracksAudioAnalysis -->
  <testcase classname="com.spotify.SpotifyApi" name="searchForAnItem" time="0.0">
    <ignored/>
  </testcase> <!-- searchForAnItem -->
  <testcase classname="com.spotify.SpotifyApi" name="updatePlaylistsItems" time="0.0">
    <ignored/>
  </testcase> <!-- updatePlaylistsItems -->
  <testcase classname="com.spotify.SpotifyApi" name="getPlaylists" time="0.0">
    <ignored/>
  </testcase> <!-- getPlaylists -->
  <testcase classname="com.spotify.SpotifyApi" name="getPlaylistsItems" time="0.0">
    <ignored/>
  </testcase> <!-- getPlaylistsItems -->
  <testcase classname="com.spotify.SpotifyApi" name="getTracksAudioFeaturesUsingId" time="0.0">
    <ignored/>
  </testcase> <!-- getTracksAudioFeaturesUsingId -->
  <testcase classname="com.spotify.SpotifyApi" name="getOnePlaylists" time="0.0">
    <ignored/>
  </testcase> <!-- getOnePlaylists -->
  <testcase classname="com.spotify.SpotifyApi" name="createPlayList" time="0.0">
    <ignored/>
  </testcase> <!-- createPlayList -->
  <testcase classname="com.spotify.SpotifyApi" name="changePlaylistDetails" time="0.0">
    <ignored/>
  </testcase> <!-- changePlaylistDetails -->
  <testcase classname="com.spotify.SpotifyApi" name="getCurrentUsersPlaylists" time="0.0">
    <ignored/>
  </testcase> <!-- getCurrentUsersPlaylists -->
  <testcase classname="com.spotify.SpotifyApi" name="Get_User_Profile" time="0.0">
    <ignored/>
  </testcase> <!-- Get_User_Profile -->
  <testcase classname="com.spotify.SpotifyApi" name="removePlaylistsItems" time="0.0">
    <ignored/>
  </testcase> <!-- removePlaylistsItems -->
</testsuite> <!-- Default test -->
