<?xml version="1.0" encoding="UTF-8"?>
<testng-results ignored="17" total="18" passed="1" failed="0" skipped="0">
  <reporter-output>
  </reporter-output>
  <suite started-at="2022-07-02T17:49:11 IST" name="Default suite" finished-at="2022-07-02T17:49:15 IST" duration-ms="4552">
    <groups>
    </groups>
    <test started-at="2022-07-02T17:49:11 IST" name="Default test" finished-at="2022-07-02T17:49:15 IST" duration-ms="4552">
      <class name="com.spotify.SpotifyApi">
        <test-method is-config="true" signature="getToken()[pri:0, instance:com.spotify.SpotifyApi@2e4b8173]" started-at="2022-07-02T17:49:11 IST" name="getToken" finished-at="2022-07-02T17:49:11 IST" duration-ms="17" status="PASS">
          <reporter-output>
          </reporter-output>
        </test-method> <!-- getToken -->
        <test-method signature="getPlaylistCoverImage()[pri:0, instance:com.spotify.SpotifyApi@2e4b8173]" started-at="2022-07-02T17:49:11 IST" name="getPlaylistCoverImage" finished-at="2022-07-02T17:49:15 IST" duration-ms="4465" status="PASS">
          <reporter-output>
          </reporter-output>
        </test-method> <!-- getPlaylistCoverImage -->
      </class> <!-- com.spotify.SpotifyApi -->
    </test> <!-- Default test -->
  </suite> <!-- Default suite -->
</testng-results>
